<?xml version="1.0" encoding="UTF-8"?>
<!-- Generated by org.testng.reporters.JUnitReportReporter -->
<testsuite hostname="MacBooks-MacBook-Pro.local" failures="0" tests="1" name="com.qa.rest.test.GetCallBDD" time="2.836" errors="0" timestamp="2020-03-16T22:40:41 CET" skipped="0">
  <testcase classname="com.qa.rest.test.GetCallBDD" name="test_GetUser" time="2.836"/>
  <system-out/>
</testsuite> <!-- com.qa.rest.test.GetCallBDD -->
